<?xml version="1.0" encoding="UTF-8" ?>
<testsuite failures="0" time="0.734" errors="0" skipped="0" tests="1" name="hu.bluesystem.TestHomePage">
  <properties>
    <property name="java.runtime.name" value="Java(TM) SE Runtime Environment"/>
    <property name="sun.boot.library.path" value="C:\Program Files\Java\jdk1.6.0_25\jre\bin"/>
    <property name="java.vm.version" value="20.0-b11"/>
    <property name="java.vm.vendor" value="Sun Microsystems Inc."/>
    <property name="java.vendor.url" value="http://java.sun.com/"/>
    <property name="path.separator" value=";"/>
    <property name="java.vm.name" value="Java HotSpot(TM) 64-Bit Server VM"/>
    <property name="file.encoding.pkg" value="sun.io"/>
    <property name="user.country" value="HU"/>
    <property name="sun.java.launcher" value="SUN_STANDARD"/>
    <property name="sun.os.patch.level" value="Service Pack 1"/>
    <property name="java.vm.specification.name" value="Java Virtual Machine Specification"/>
    <property name="user.dir" value="C:\Users\user\Documents\NetBeansProjects\quickstart\quickstart"/>
    <property name="java.runtime.version" value="1.6.0_25-b06"/>
    <property name="netbeans.deploy" value="true"/>
    <property name="java.awt.graphicsenv" value="sun.awt.Win32GraphicsEnvironment"/>
    <property name="basedir" value="C:\Users\user\Documents\NetBeansProjects\quickstart\quickstart"/>
    <property name="java.endorsed.dirs" value="C:\Program Files\Java\jdk1.6.0_25\jre\lib\endorsed"/>
    <property name="os.arch" value="amd64"/>
    <property name="surefire.real.class.path" value="C:\Users\user\Documents\NetBeansProjects\quickstart\quickstart\target\surefire\surefirebooter809042958774055196.jar"/>
    <property name="java.io.tmpdir" value="C:\Users\user\AppData\Local\Temp\"/>
    <property name="line.separator" value="
"/>
    <property name="java.vm.specification.vendor" value="Sun Microsystems Inc."/>
    <property name="user.variant" value=""/>
    <property name="os.name" value="Windows 7"/>
    <property name="sun.jnu.encoding" value="Cp1250"/>
    <property name="java.library.path" value="C:\Program Files\Java\jdk1.6.0_25\jre\bin;.;C:\Windows\Sun\Java\bin;C:\Windows\system32;C:\Windows;C:\Program Files (x86)\PC Connectivity Solution\;C:\Program Files (x86)\NVIDIA Corporation\PhysX\Common;C:\Windows\system32;C:\Windows;C:\Windows\System32\Wbem;C:\Windows\System32\WindowsPowerShell\v1.0\;C:\Program Files\TortoiseSVN\bin;c:\Program Files\PostgreSQL\9.1\bin;C:\Program Files\OpenVPN\bin;C:\apache-maven-3.0.3-bin\bin;c:\orant\bin"/>
    <property name="surefire.test.class.path" value="C:\Users\user\Documents\NetBeansProjects\quickstart\quickstart\target\test-classes;C:\Users\user\Documents\NetBeansProjects\quickstart\quickstart\target\classes;C:\Users\user\.m2\repository\org\apache\wicket\wicket-core\1.5.7\wicket-core-1.5.7.jar;C:\Users\user\.m2\repository\org\apache\wicket\wicket-util\1.5.7\wicket-util-1.5.7.jar;C:\Users\user\.m2\repository\org\apache\wicket\wicket-request\1.5.7\wicket-request-1.5.7.jar;C:\Users\user\.m2\repository\org\slf4j\slf4j-api\1.6.1\slf4j-api-1.6.1.jar;C:\Users\user\.m2\repository\org\slf4j\slf4j-log4j12\1.6.2\slf4j-log4j12-1.6.2.jar;C:\Users\user\.m2\repository\log4j\log4j\1.2.16\log4j-1.2.16.jar;C:\Users\user\.m2\repository\junit\junit\4.8.1\junit-4.8.1.jar;C:\Users\user\.m2\repository\org\eclipse\jetty\aggregate\jetty-all-server\7.5.0.v20110901\jetty-all-server-7.5.0.v20110901.jar;C:\Users\user\.m2\repository\javax\servlet\servlet-api\2.5\servlet-api-2.5.jar;C:\Users\user\.m2\repository\org\apache\geronimo\specs\geronimo-jta_1.1_spec\1.1.1\geronimo-jta_1.1_spec-1.1.1.jar;C:\Users\user\.m2\repository\javax\mail\mail\1.4.1\mail-1.4.1.jar;C:\Users\user\.m2\repository\javax\activation\activation\1.1\activation-1.1.jar;C:\Users\user\.m2\repository\org\apache\geronimo\specs\geronimo-jaspic_1.0_spec\1.0\geronimo-jaspic_1.0_spec-1.0.jar;C:\Users\user\.m2\repository\org\apache\geronimo\specs\geronimo-annotation_1.0_spec\1.1.1\geronimo-annotation_1.0_spec-1.1.1.jar;C:\Users\user\.m2\repository\asm\asm-commons\3.1\asm-commons-3.1.jar;C:\Users\user\.m2\repository\asm\asm-tree\3.1\asm-tree-3.1.jar;C:\Users\user\.m2\repository\asm\asm\3.1\asm-3.1.jar;C:\Users\user\.m2\repository\org\wicketstuff\wicketstuff-tinymce\1.5.5\wicketstuff-tinymce-1.5.5.jar;C:\Users\user\.m2\repository\org\apache\wicket\wicket-extensions\1.5.5\wicket-extensions-1.5.5.jar;C:\Users\user\.m2\repository\commons-io\commons-io\2.1\commons-io-2.1.jar;C:\Users\user\.m2\repository\commons-collections\commons-collections\3.2.1\commons-collections-3.2.1.jar;C:\Users\user\.m2\repository\net\sf\jazzy\jazzy\0.5.2-rtext-1.4.1\jazzy-0.5.2-rtext-1.4.1.jar;C:\Users\user\.m2\repository\org\json\json\20090211\json-20090211.jar;"/>
    <property name="java.specification.name" value="Java Platform API Specification"/>
    <property name="java.class.version" value="50.0"/>
    <property name="sun.management.compiler" value="HotSpot 64-Bit Tiered Compilers"/>
    <property name="os.version" value="6.1"/>
    <property name="user.home" value="C:\Users\user"/>
    <property name="user.timezone" value="Europe/Prague"/>
    <property name="java.awt.printerjob" value="sun.awt.windows.WPrinterJob"/>
    <property name="java.specification.version" value="1.6"/>
    <property name="file.encoding" value="Cp1250"/>
    <property name="user.name" value="user"/>
    <property name="java.class.path" value="C:\Users\user\Documents\NetBeansProjects\quickstart\quickstart\target\test-classes;C:\Users\user\Documents\NetBeansProjects\quickstart\quickstart\target\classes;C:\Users\user\.m2\repository\org\apache\wicket\wicket-core\1.5.7\wicket-core-1.5.7.jar;C:\Users\user\.m2\repository\org\apache\wicket\wicket-util\1.5.7\wicket-util-1.5.7.jar;C:\Users\user\.m2\repository\org\apache\wicket\wicket-request\1.5.7\wicket-request-1.5.7.jar;C:\Users\user\.m2\repository\org\slf4j\slf4j-api\1.6.1\slf4j-api-1.6.1.jar;C:\Users\user\.m2\repository\org\slf4j\slf4j-log4j12\1.6.2\slf4j-log4j12-1.6.2.jar;C:\Users\user\.m2\repository\log4j\log4j\1.2.16\log4j-1.2.16.jar;C:\Users\user\.m2\repository\junit\junit\4.8.1\junit-4.8.1.jar;C:\Users\user\.m2\repository\org\eclipse\jetty\aggregate\jetty-all-server\7.5.0.v20110901\jetty-all-server-7.5.0.v20110901.jar;C:\Users\user\.m2\repository\javax\servlet\servlet-api\2.5\servlet-api-2.5.jar;C:\Users\user\.m2\repository\org\apache\geronimo\specs\geronimo-jta_1.1_spec\1.1.1\geronimo-jta_1.1_spec-1.1.1.jar;C:\Users\user\.m2\repository\javax\mail\mail\1.4.1\mail-1.4.1.jar;C:\Users\user\.m2\repository\javax\activation\activation\1.1\activation-1.1.jar;C:\Users\user\.m2\repository\org\apache\geronimo\specs\geronimo-jaspic_1.0_spec\1.0\geronimo-jaspic_1.0_spec-1.0.jar;C:\Users\user\.m2\repository\org\apache\geronimo\specs\geronimo-annotation_1.0_spec\1.1.1\geronimo-annotation_1.0_spec-1.1.1.jar;C:\Users\user\.m2\repository\asm\asm-commons\3.1\asm-commons-3.1.jar;C:\Users\user\.m2\repository\asm\asm-tree\3.1\asm-tree-3.1.jar;C:\Users\user\.m2\repository\asm\asm\3.1\asm-3.1.jar;C:\Users\user\.m2\repository\org\wicketstuff\wicketstuff-tinymce\1.5.5\wicketstuff-tinymce-1.5.5.jar;C:\Users\user\.m2\repository\org\apache\wicket\wicket-extensions\1.5.5\wicket-extensions-1.5.5.jar;C:\Users\user\.m2\repository\commons-io\commons-io\2.1\commons-io-2.1.jar;C:\Users\user\.m2\repository\commons-collections\commons-collections\3.2.1\commons-collections-3.2.1.jar;C:\Users\user\.m2\repository\net\sf\jazzy\jazzy\0.5.2-rtext-1.4.1\jazzy-0.5.2-rtext-1.4.1.jar;C:\Users\user\.m2\repository\org\json\json\20090211\json-20090211.jar;"/>
    <property name="java.vm.specification.version" value="1.0"/>
    <property name="sun.arch.data.model" value="64"/>
    <property name="java.home" value="C:\Program Files\Java\jdk1.6.0_25\jre"/>
    <property name="sun.java.command" value="C:\Users\user\Documents\NetBeansProjects\quickstart\quickstart\target\surefire\surefirebooter809042958774055196.jar C:\Users\user\Documents\NetBeansProjects\quickstart\quickstart\target\surefire\surefire7669226988796800787tmp C:\Users\user\Documents\NetBeansProjects\quickstart\quickstart\target\surefire\surefire5270248320955412295tmp"/>
    <property name="java.specification.vendor" value="Sun Microsystems Inc."/>
    <property name="user.language" value="hu"/>
    <property name="awt.toolkit" value="sun.awt.windows.WToolkit"/>
    <property name="java.vm.info" value="mixed mode"/>
    <property name="java.version" value="1.6.0_25"/>
    <property name="java.ext.dirs" value="C:\Program Files\Java\jdk1.6.0_25\jre\lib\ext;C:\Windows\Sun\Java\lib\ext"/>
    <property name="sun.boot.class.path" value="C:\Program Files\Java\jdk1.6.0_25\jre\lib\resources.jar;C:\Program Files\Java\jdk1.6.0_25\jre\lib\rt.jar;C:\Program Files\Java\jdk1.6.0_25\jre\lib\sunrsasign.jar;C:\Program Files\Java\jdk1.6.0_25\jre\lib\jsse.jar;C:\Program Files\Java\jdk1.6.0_25\jre\lib\jce.jar;C:\Program Files\Java\jdk1.6.0_25\jre\lib\charsets.jar;C:\Program Files\Java\jdk1.6.0_25\jre\lib\modules\jdk.boot.jar;C:\Program Files\Java\jdk1.6.0_25\jre\classes"/>
    <property name="java.vendor" value="Sun Microsystems Inc."/>
    <property name="localRepository" value="C:\Users\user\.m2\repository"/>
    <property name="file.separator" value="\"/>
    <property name="java.vendor.url.bug" value="http://java.sun.com/cgi-bin/bugreport.cgi"/>
    <property name="sun.cpu.endian" value="little"/>
    <property name="sun.io.unicode.encoding" value="UnicodeLittle"/>
    <property name="sun.desktop" value="windows"/>
    <property name="sun.cpu.isalist" value="amd64"/>
  </properties>
  <testcase time="0.667" classname="hu.bluesystem.TestHomePage" name="homepageRendersSuccessfully"/>
</testsuite>